<?xml version="1.0" encoding="UTF-8"?>
<!-- Generated by org.testng.reporters.JUnitReportReporter -->
<testsuite skipped="0" hostname="WINCTRL-GH0FDE6" name="com.LumensSite.Test.FiltersVerfy" tests="1" failures="0" timestamp="5 May 2021 07:47:49 GMT" time="60.323" errors="0">
  <testcase name="login" time="60.323" classname="com.LumensSite.Test.FiltersVerfy"/>
</testsuite> <!-- com.LumensSite.Test.FiltersVerfy -->
